This is pdfTeX, Version 3.141592653-2.6-1.40.26 (TeX Live 2024) (preloaded format=pdflatex 2024.8.5)  6 OCT 2024 13:52
entering extended mode
 restricted \write18 enabled.
 %&-line parsing enabled.
**manuscript.tex
(./manuscript.tex
LaTeX2e <2023-11-01> patch level 1
L3 programming layer <2024-02-20>
(./WileyNJD-v2.cls
Document Class: WileyNJD-v2 2017/06/23 v0.2 Standard LaTeX document class for J
ournal
\job@temptoken=\toks17
(/usr/local/texlive/2024/texmf-dist/tex/latex/base/article.cls
Document Class: article 2023/05/17 v1.4n Standard LaTeX document class
(/usr/local/texlive/2024/texmf-dist/tex/latex/base/fleqn.clo
File: fleqn.clo 2016/12/29 v1.2b Standard LaTeX option (flush left equations)
\mathindent=\skip48
Applying: [2015/01/01] Make \[ robust on input line 50.
LaTeX Info: Redefining \[ on input line 51.
Already applied: [0000/00/00] Make \[ robust on input line 62.
Applying: [2015/01/01] Make \] robust on input line 74.
LaTeX Info: Redefining \] on input line 75.
Already applied: [0000/00/00] Make \] robust on input line 83.
) (/usr/local/texlive/2024/texmf-dist/tex/latex/base/size10.clo
File: size10.clo 2023/05/17 v1.4n Standard LaTeX file (size option)
)
\c@part=\count188
\c@section=\count189
\c@subsection=\count190
\c@subsubsection=\count191
\c@paragraph=\count192
\c@subparagraph=\count193
\c@figure=\count194
\c@table=\count195
\abovecaptionskip=\skip49
\belowcaptionskip=\skip50
\bibindent=\dimen140
) (/usr/local/texlive/2024/texmf-dist/tex/latex/etex-pkg/etex.sty
Package: etex 2016/08/01 v2.7 eTeX basic definition package (PEB,DPC)
\et@xins=\count196
) (/usr/local/texlive/2024/texmf-dist/tex/latex/graphics/graphicx.sty
Package: graphicx 2021/09/16 v1.2d Enhanced LaTeX Graphics (DPC,SPQR)
(/usr/local/texlive/2024/texmf-dist/tex/latex/graphics/keyval.sty
Package: keyval 2022/05/29 v1.15 key=value parser (DPC)
\KV@toks@=\toks18
) (/usr/local/texlive/2024/texmf-dist/tex/latex/graphics/graphics.sty
Package: graphics 2022/03/10 v1.4e Standard LaTeX Graphics (DPC,SPQR)
(/usr/local/texlive/2024/texmf-dist/tex/latex/graphics/trig.sty
Package: trig 2021/08/11 v1.11 sin cos tan (DPC)
) (/usr/local/texlive/2024/texmf-dist/tex/latex/graphics-cfg/graphics.cfg
File: graphics.cfg 2016/06/04 v1.11 sample graphics configuration
)
Package graphics Info: Driver file: pdftex.def on input line 107.
(/usr/local/texlive/2024/texmf-dist/tex/latex/graphics-def/pdftex.def
File: pdftex.def 2022/09/22 v1.2b Graphics/color driver for pdftex
))
\Gin@req@height=\dimen141
\Gin@req@width=\dimen142
) (/usr/local/texlive/2024/texmf-dist/tex/latex/tools/multicol.sty
Package: multicol 2023/03/30 v1.9f multicolumn formatting (FMi)
Normal \count register pool exhausted, switching to extended pool.
\c@tracingmulticols=\count277
\mult@box=\box51
\multicol@leftmargin=\dimen143
\c@unbalance=\count278
\c@collectmore=\count279
\doublecol@number=\count280
\multicoltolerance=\count281
\multicolpretolerance=\count282
\full@width=\dimen144
\page@free=\dimen145
\premulticols=\dimen146
\postmulticols=\dimen147
\multicolsep=\skip51
\multicolbaselineskip=\skip52
\partial@page=\box52
\last@line=\box53
\mc@boxedresult=\box54
\maxbalancingoverflow=\dimen148
\mult@rightbox=\box55
\mult@grightbox=\box56
\mult@firstbox=\box57
\mult@gfirstbox=\box58
\@tempa=\box59
\@tempa=\box60
\@tempa=\box61
\@tempa=\box62
\@tempa=\box63
\@tempa=\box64
\@tempa=\box65
\@tempa=\box66
\@tempa=\box67
\@tempa=\box68
\@tempa=\box69
\@tempa=\box70
\@tempa=\box71
\@tempa=\box72
\@tempa=\box73
\@tempa=\box74
\@tempa=\box75
\@tempa=\box76
\@tempa=\box77
\@tempa=\box78
\@tempa=\box79
\@tempa=\box80
\@tempa=\box81
\@tempa=\box82
\@tempa=\box83
\@tempa=\box84
\@tempa=\box85
\@tempa=\box86
\@tempa=\box87
\@tempa=\box88
\@tempa=\box89
\@tempa=\box90
\@tempa=\box91
\@tempa=\box92
\@tempa=\box93
\@tempa=\box94
\c@minrows=\count283
\c@columnbadness=\count284
\c@finalcolumnbadness=\count285
\last@try=\dimen149
\multicolovershoot=\dimen150
\multicolundershoot=\dimen151
\mult@nat@firstbox=\box95
\colbreak@box=\box96
\mc@col@check@num=\count286
) (/usr/local/texlive/2024/texmf-dist/tex/latex/multirow/multirow.sty
Package: multirow 2021/03/15 v2.8 Span multiple rows of a table
\multirow@colwidth=\skip53
\multirow@cntb=\count287
\multirow@dima=\skip54
\bigstrutjot=\dimen152
) (/usr/local/texlive/2024/texmf-dist/tex/latex/sttools/cuted.sty
Package: cuted 2021/10/04 v2.0 Mixing onecolumn and twocolumn modes
\At@ViperColsBreak=\toks19
\preCutedStrip=\toks20
\postCutedStrip=\toks21
\cuted@@tempbox@a=\box97
\cuted@@tempbox@c=\box98
\cuted@@tempbox@var=\box99
\hold@viper=\box100
\@viper=\box101
\cuted@@varbox@a=\box102
\cuted@@varbox@c=\box103
\cuted@@tempdim@spread=\dimen153
\cuted@@tempdim@a=\dimen154
\cuted@@tempdim@b=\dimen155
\ht@hold@viper=\dimen156
\ht@viper=\dimen157
\var@@pagediscards@ht=\dimen158
\stripsep=\skip55
\viper@penalty=\count288
) (/usr/local/texlive/2024/texmf-dist/tex/generic/iftex/ifpdf.sty
Package: ifpdf 2019/10/25 v3.4 ifpdf legacy package. Use iftex instead.
(/usr/local/texlive/2024/texmf-dist/tex/generic/iftex/iftex.sty
Package: iftex 2022/02/03 v1.0f TeX engine tests
)) (/usr/local/texlive/2024/texmf-dist/tex/latex/url/url.sty
\Urlmuskip=\muskip16
Package: url 2013/09/16  ver 3.4  Verb mode for urls, etc.
) (/usr/local/texlive/2024/texmf-dist/tex/latex/changepage/changepage.sty
Package: changepage 2009/10/20 v1.0c check page and change page layout
\c@cp@cntr=\count289
\cp@tempcnt=\count290
) (/usr/local/texlive/2024/texmf-dist/tex/latex/tools/calc.sty
Package: calc 2023/07/08 v4.3 Infix arithmetic (KKT,FJ)
\calc@Acount=\count291
\calc@Bcount=\count292
\calc@Adimen=\dimen159
\calc@Bdimen=\dimen160
\calc@Askip=\skip56
\calc@Bskip=\skip57
LaTeX Info: Redefining \setlength on input line 80.
LaTeX Info: Redefining \addtolength on input line 81.
\calc@Ccount=\count293
\calc@Cskip=\skip58
) (/usr/local/texlive/2024/texmf-dist/tex/latex/xcolor/xcolor.sty
Package: xcolor 2023/11/15 v3.01 LaTeX color extensions (UK)
(/usr/local/texlive/2024/texmf-dist/tex/latex/graphics-cfg/color.cfg
File: color.cfg 2016/01/02 v1.6 sample color configuration
)
Package xcolor Info: Driver file: pdftex.def on input line 274.
(/usr/local/texlive/2024/texmf-dist/tex/latex/graphics/mathcolor.ltx)
Package xcolor Info: Model `cmy' substituted by `cmy0' on input line 1350.
Package xcolor Info: Model `hsb' substituted by `rgb' on input line 1354.
Package xcolor Info: Model `RGB' extended on input line 1366.
Package xcolor Info: Model `HTML' substituted by `rgb' on input line 1368.
Package xcolor Info: Model `Hsb' substituted by `hsb' on input line 1369.
Package xcolor Info: Model `tHsb' substituted by `hsb' on input line 1370.
Package xcolor Info: Model `HSB' substituted by `hsb' on input line 1371.
Package xcolor Info: Model `Gray' substituted by `gray' on input line 1372.
Package xcolor Info: Model `wave' substituted by `hsb' on input line 1373.
) (/usr/local/texlive/2024/texmf-dist/tex/latex/float/float.sty
Package: float 2001/11/08 v1.3d Float enhancements (AL)
\c@float@type=\count294
\float@exts=\toks22
\float@box=\box104
\@float@everytoks=\toks23
\@floatcapt=\box105
) (/usr/local/texlive/2024/texmf-dist/tex/latex/sttools/floatpag.sty
Package: floatpag 2021/10/04 v2.0 Different pagestyles on float pages
) (/usr/local/texlive/2024/texmf-dist/tex/latex/dblfloatfix/dblfloatfix.sty
Package: dblfloatfix 2012/12/31 v1.0a (JAW)
(/usr/local/texlive/2024/texmf-dist/tex/latex/base/fixltx2e.sty
Package: fixltx2e 2016/12/29 v2.1a fixes to LaTeX (obsolete)
Applying: [2015/01/01] Old fixltx2e package on input line 46.

Package fixltx2e Warning: fixltx2e is not required with releases after 2015
(fixltx2e)                All fixes are now in the LaTeX kernel.
(fixltx2e)                See the latexrelease package for details.

Already applied: [0000/00/00] Old fixltx2e package on input line 53.
)
\@dblbotnum=\count295
\c@dblbotnumber=\count296
) (/usr/local/texlive/2024/texmf-dist/tex/latex/graphics/rotating.sty
Package: rotating 2016/08/11 v2.16d rotated objects in LaTeX
(/usr/local/texlive/2024/texmf-dist/tex/latex/base/ifthen.sty
Package: ifthen 2022/04/13 v1.1d Standard LaTeX ifthen package (DPC)
)
\c@r@tfl@t=\count297
\rotFPtop=\skip59
\rotFPbot=\skip60
\rot@float@box=\box106
\rot@mess@toks=\toks24
) (/usr/local/texlive/2024/texmf-dist/tex/generic/ulem/ulem.sty
\UL@box=\box107
\UL@hyphenbox=\box108
\UL@skip=\skip61
\UL@hook=\toks25
\UL@height=\dimen161
\UL@pe=\count298
\UL@pixel=\dimen162
\ULC@box=\box109
Package: ulem 2019/11/18
\ULdepth=\dimen163
) (/usr/local/texlive/2024/texmf-dist/tex/latex/tools/enumerate.sty
Package: enumerate 2023/07/04 v3.00 enumerate extensions (DPC)
\@enLab=\toks26
) (/usr/local/texlive/2024/texmf-dist/tex/generic/soul/soul.sty
Package: soul 2023-06-14 v3.1 Permit use of UTF-8 characters in soul (HO)
(/usr/local/texlive/2024/texmf-dist/tex/generic/soul/soul-ori.sty
Package: soul-ori 2023-06-14 v3.1 letterspacing/underlining (mf)
\SOUL@word=\toks27
\SOUL@lasttoken=\toks28
\SOUL@syllable=\toks29
\SOUL@cmds=\toks30
\SOUL@buffer=\toks31
\SOUL@token=\toks32
\SOUL@syllgoal=\dimen164
\SOUL@syllwidth=\dimen165
\SOUL@charkern=\dimen166
\SOUL@hyphkern=\dimen167
\SOUL@dimen=\dimen168
\SOUL@dimeni=\dimen169
\SOUL@minus=\count299
\SOUL@comma=\count300
\SOUL@apo=\count301
\SOUL@grave=\count302
\SOUL@spaceskip=\skip62
\SOUL@ttwidth=\dimen170
\SOUL@uldp=\dimen171
Normal \dimen register pool exhausted, switching to extended pool.
\SOUL@ulht=\dimen256
) (/usr/local/texlive/2024/texmf-dist/tex/generic/infwarerr/infwarerr.sty
Package: infwarerr 2019/12/03 v1.5 Providing info/warning/error messages (HO)
) (/usr/local/texlive/2024/texmf-dist/tex/generic/etexcmds/etexcmds.sty
Package: etexcmds 2019/12/15 v1.7 Avoid name clashes with e-TeX commands (HO)
)) (/usr/local/texlive/2024/texmf-dist/tex/latex/caption/caption.sty
Package: caption 2023/08/05 v3.6o Customizing captions (AR)
(/usr/local/texlive/2024/texmf-dist/tex/latex/caption/caption3.sty
Package: caption3 2023/07/31 v2.4d caption3 kernel (AR)
\caption@tempdima=\dimen257
\captionmargin=\dimen258
\caption@leftmargin=\dimen259
\caption@rightmargin=\dimen260
\caption@width=\dimen261
\caption@indent=\dimen262
\caption@parindent=\dimen263
\caption@hangindent=\dimen264
Package caption Info: Standard document class detected.
)
\c@caption@flags=\count303
\c@continuedfloat=\count304
Package caption Info: changepage package is loaded.
\caption@adjustwidth@hsize=\dimen265
\caption@adjustwidth@linewidth=\dimen266
Package caption Info: float package is loaded.
Package caption Info: rotating package is loaded.
) (/usr/local/texlive/2024/texmf-dist/tex/latex/hyperref/hyperref.sty
Package: hyperref 2024-01-20 v7.01h Hypertext links for LaTeX
(/usr/local/texlive/2024/texmf-dist/tex/latex/kvsetkeys/kvsetkeys.sty
Package: kvsetkeys 2022-10-05 v1.19 Key value parser (HO)
) (/usr/local/texlive/2024/texmf-dist/tex/generic/kvdefinekeys/kvdefinekeys.sty
Package: kvdefinekeys 2019-12-19 v1.6 Define keys (HO)
) (/usr/local/texlive/2024/texmf-dist/tex/generic/pdfescape/pdfescape.sty
Package: pdfescape 2019/12/09 v1.15 Implements pdfTeX's escape features (HO)
(/usr/local/texlive/2024/texmf-dist/tex/generic/ltxcmds/ltxcmds.sty
Package: ltxcmds 2023-12-04 v1.26 LaTeX kernel commands for general use (HO)
) (/usr/local/texlive/2024/texmf-dist/tex/generic/pdftexcmds/pdftexcmds.sty
Package: pdftexcmds 2020-06-27 v0.33 Utility functions of pdfTeX for LuaTeX (HO
)
Package pdftexcmds Info: \pdf@primitive is available.
Package pdftexcmds Info: \pdf@ifprimitive is available.
Package pdftexcmds Info: \pdfdraftmode found.
)) (/usr/local/texlive/2024/texmf-dist/tex/latex/hycolor/hycolor.sty
Package: hycolor 2020-01-27 v1.10 Color options for hyperref/bookmark (HO)
) (/usr/local/texlive/2024/texmf-dist/tex/latex/auxhook/auxhook.sty
Package: auxhook 2019-12-17 v1.6 Hooks for auxiliary files (HO)
) (/usr/local/texlive/2024/texmf-dist/tex/latex/hyperref/nameref.sty
Package: nameref 2023-11-26 v2.56 Cross-referencing by name of section
(/usr/local/texlive/2024/texmf-dist/tex/latex/refcount/refcount.sty
Package: refcount 2019/12/15 v3.6 Data extraction from label references (HO)
)
(/usr/local/texlive/2024/texmf-dist/tex/generic/gettitlestring/gettitlestring.s
ty
Package: gettitlestring 2019/12/15 v1.6 Cleanup title references (HO)
(/usr/local/texlive/2024/texmf-dist/tex/latex/kvoptions/kvoptions.sty
Package: kvoptions 2022-06-15 v3.15 Key value format for package options (HO)
))
\c@section@level=\count305
) (/usr/local/texlive/2024/texmf-dist/tex/latex/etoolbox/etoolbox.sty
Package: etoolbox 2020/10/05 v2.5k e-TeX tools for LaTeX (JAW)
\etb@tempcnta=\count306
)
\@linkdim=\dimen267
\Hy@linkcounter=\count307
\Hy@pagecounter=\count308
(/usr/local/texlive/2024/texmf-dist/tex/latex/hyperref/pd1enc.def
File: pd1enc.def 2024-01-20 v7.01h Hyperref: PDFDocEncoding definition (HO)
Now handling font encoding PD1 ...
... no UTF-8 mapping file for font encoding PD1
) (/usr/local/texlive/2024/texmf-dist/tex/generic/intcalc/intcalc.sty
Package: intcalc 2019/12/15 v1.3 Expandable calculations with integers (HO)
)
\Hy@SavedSpaceFactor=\count309
(/usr/local/texlive/2024/texmf-dist/tex/latex/hyperref/puenc.def
File: puenc.def 2024-01-20 v7.01h Hyperref: PDF Unicode definition (HO)
Now handling font encoding PU ...
... no UTF-8 mapping file for font encoding PU
)
Package hyperref Info: Hyper figures OFF on input line 4179.
Package hyperref Info: Link nesting OFF on input line 4184.
Package hyperref Info: Hyper index ON on input line 4187.
Package hyperref Info: Plain pages OFF on input line 4194.
Package hyperref Info: Backreferencing OFF on input line 4199.
Package hyperref Info: Implicit mode ON; LaTeX internals redefined.
Package hyperref Info: Bookmarks ON on input line 4446.
\c@Hy@tempcnt=\count310
LaTeX Info: Redefining \url on input line 4784.
\XeTeXLinkMargin=\dimen268
(/usr/local/texlive/2024/texmf-dist/tex/generic/bitset/bitset.sty
Package: bitset 2019/12/09 v1.3 Handle bit-vector datatype (HO)
(/usr/local/texlive/2024/texmf-dist/tex/generic/bigintcalc/bigintcalc.sty
Package: bigintcalc 2019/12/15 v1.5 Expandable calculations on big integers (HO
)
))
\Fld@menulength=\count311
\Field@Width=\dimen269
\Fld@charsize=\dimen270
Package hyperref Info: Hyper figures OFF on input line 6063.
Package hyperref Info: Link nesting OFF on input line 6068.
Package hyperref Info: Hyper index ON on input line 6071.
Package hyperref Info: backreferencing OFF on input line 6078.
Package hyperref Info: Link coloring OFF on input line 6083.
Package hyperref Info: Link coloring with OCG OFF on input line 6088.
Package hyperref Info: PDF/A mode OFF on input line 6093.
(/usr/local/texlive/2024/texmf-dist/tex/latex/base/atbegshi-ltx.sty
Package: atbegshi-ltx 2021/01/10 v1.0c Emulation of the original atbegshi
package with kernel methods
)
\Hy@abspage=\count312
\c@Item=\count313
\c@Hfootnote=\count314
)
Package hyperref Info: Driver (autodetected): hpdftex.
(/usr/local/texlive/2024/texmf-dist/tex/latex/hyperref/hpdftex.def
File: hpdftex.def 2024-01-20 v7.01h Hyperref driver for pdfTeX
(/usr/local/texlive/2024/texmf-dist/tex/latex/base/atveryend-ltx.sty
Package: atveryend-ltx 2020/08/19 v1.0a Emulation of the original atveryend pac
kage
with kernel methods
)
\Fld@listcount=\count315
\c@bookmark@seq@number=\count316

(/usr/local/texlive/2024/texmf-dist/tex/latex/rerunfilecheck/rerunfilecheck.sty
Package: rerunfilecheck 2022-07-10 v1.10 Rerun checks for auxiliary files (HO)

(/usr/local/texlive/2024/texmf-dist/tex/generic/uniquecounter/uniquecounter.sty
Package: uniquecounter 2019/12/15 v1.4 Provide unlimited unique counter (HO)
)
Package uniquecounter Info: New unique counter `rerunfilecheck' on input line 2
85.
)
\Hy@SectionHShift=\skip63
)
Package hyperref Info: Option `bookmarksopen' set `true' on input line 278.
(/usr/local/texlive/2024/texmf-dist/tex/latex/bookmark/bookmark.sty
Package: bookmark 2023-12-10 v1.31 PDF bookmarks (HO)
(/usr/local/texlive/2024/texmf-dist/tex/latex/bookmark/bkm-pdftex.def
File: bkm-pdftex.def 2023-12-10 v1.31 bookmark driver for pdfTeX and luaTeX (HO
)
\BKM@id=\count317
)) (/usr/local/texlive/2024/texmf-dist/tex/latex/oberdiek/twoopt.sty
Package: twoopt 2016/05/16 v1.6 Definitions with two optional arguments (HO)
) (/usr/local/texlive/2024/texmf-dist/tex/latex/footmisc/footmisc.sty
Package: footmisc 2023/07/05 v6.0f a miscellany of footnote facilities
\FN@temptoken=\toks33
\footnotemargin=\dimen271
\@outputbox@depth=\dimen272
Package footmisc Info: Declaring symbol style bringhurst on input line 696.
Package footmisc Info: Declaring symbol style chicago on input line 704.
Package footmisc Info: Declaring symbol style wiley on input line 713.
Package footmisc Info: Declaring symbol style lamport-robust on input line 724.

Package footmisc Info: Declaring symbol style lamport* on input line 744.
Package footmisc Info: Declaring symbol style lamport*-robust on input line 765
.
) (/usr/local/texlive/2024/texmf-dist/tex/latex/tools/tabularx.sty
Package: tabularx 2023/07/08 v2.11c `tabularx' package (DPC)
(/usr/local/texlive/2024/texmf-dist/tex/latex/tools/array.sty
Package: array 2023/10/16 v2.5g Tabular extension package (FMi)
\col@sep=\dimen273
\ar@mcellbox=\box110
\extrarowheight=\dimen274
\NC@list=\toks34
\extratabsurround=\skip64
\backup@length=\skip65
\ar@cellbox=\box111
)
\TX@col@width=\dimen275
\TX@old@table=\dimen276
\TX@old@col=\dimen277
\TX@target=\dimen278
\TX@delta=\dimen279
\TX@cols=\count318
\TX@ftn=\toks35
)
\tfboxrule=\dimen280
\bfboxrule=\dimen281
\BXRuleThickness=\dimen282
\BXleftrightskipdimen=\dimen283
\BXhsize=\dimen284
\FreePageSpace=\dimen285
\ovsize=\dimen286
\adjustskip=\skip66
\BXbox=\box112
\xxptspaceamount=\skip67
\BXboxoutbnewskip=\skip68
\BXdim=\dimen287
\BXgraybox=\box113
(/usr/local/texlive/2024/texmf-dist/tex/latex/varwidth/varwidth.sty
Package: varwidth 2009/03/30 ver 0.92;  Variable-width minipages
\@vwid@box=\box114
\sift@deathcycles=\count319
\@vwid@loff=\dimen288
\@vwid@roff=\dimen289
) (/usr/local/texlive/2024/texmf-dist/tex/latex/tools/dcolumn.sty
Package: dcolumn 2023/07/08 v1.06 decimal alignment package (DPC)
) (/usr/local/texlive/2024/texmf-dist/tex/latex/stix/stix.sty
Package: stix 2018/04/17 v1.1.3-latex STIX fonts support package
Now handling font encoding LS1 ...
... no UTF-8 mapping file for font encoding LS1
Now handling font encoding LS2 ...
... no UTF-8 mapping file for font encoding LS2
LaTeX Font Info:    Redeclaring symbol font `letters' on input line 76.
LaTeX Font Info:    Encoding `OML' has changed to `LS1' for symbol font
(Font)              `letters' in the math version `normal' on input line 76.
LaTeX Font Info:    Overwriting symbol font `letters' in version `normal'
(Font)                  OML/cmm/m/it --> LS1/stix/m/it on input line 76.
LaTeX Font Info:    Encoding `OML' has changed to `LS1' for symbol font
(Font)              `letters' in the math version `bold' on input line 76.
LaTeX Font Info:    Overwriting symbol font `letters' in version `bold'
(Font)                  OML/cmm/b/it --> LS1/stix/m/it on input line 76.
LaTeX Font Info:    Redeclaring symbol font `operators' on input line 77.
LaTeX Font Info:    Encoding `OT1' has changed to `LS1' for symbol font
(Font)              `operators' in the math version `normal' on input line 77.
LaTeX Font Info:    Overwriting symbol font `operators' in version `normal'
(Font)                  OT1/cmr/m/n --> LS1/stix/m/n on input line 77.
LaTeX Font Info:    Encoding `OT1' has changed to `LS1' for symbol font
(Font)              `operators' in the math version `bold' on input line 77.
LaTeX Font Info:    Overwriting symbol font `operators' in version `bold'
(Font)                  OT1/cmr/bx/n --> LS1/stix/m/n on input line 77.
\symbold-operators=\mathgroup4
LaTeX Font Info:    Redeclaring symbol font `symbols' on input line 79.
LaTeX Font Info:    Encoding `OMS' has changed to `LS1' for symbol font
(Font)              `symbols' in the math version `normal' on input line 79.
LaTeX Font Info:    Overwriting symbol font `symbols' in version `normal'
(Font)                  OMS/cmsy/m/n --> LS1/stixscr/m/n on input line 79.
LaTeX Font Info:    Encoding `OMS' has changed to `LS1' for symbol font
(Font)              `symbols' in the math version `bold' on input line 79.
LaTeX Font Info:    Overwriting symbol font `symbols' in version `bold'
(Font)                  OMS/cmsy/b/n --> LS1/stixscr/m/n on input line 79.
\symsymbols2=\mathgroup5
\symsymbols3=\mathgroup6
\symsymbols4=\mathgroup7
\symintegrals=\mathgroup8
LaTeX Font Info:    Redeclaring symbol font `largesymbols' on input line 84.
LaTeX Font Info:    Encoding `OMX' has changed to `LS2' for symbol font
(Font)              `largesymbols' in the math version `normal' on input line 8
4.
LaTeX Font Info:    Overwriting symbol font `largesymbols' in version `normal'
(Font)                  OMX/cmex/m/n --> LS2/stixex/m/n on input line 84.
LaTeX Font Info:    Encoding `OMX' has changed to `LS2' for symbol font
(Font)              `largesymbols' in the math version `bold' on input line 84.

LaTeX Font Info:    Overwriting symbol font `largesymbols' in version `bold'
(Font)                  OMX/cmex/m/n --> LS2/stixex/m/n on input line 84.
\symarrows1=\mathgroup9
\symarrows2=\mathgroup10
\symarrows3=\mathgroup11
LaTeX Font Info:    Overwriting symbol font `letters' in version `bold'
(Font)                  LS1/stix/m/it --> LS1/stix/b/it on input line 88.
LaTeX Font Info:    Overwriting symbol font `operators' in version `bold'
(Font)                  LS1/stix/m/n --> LS1/stix/b/n on input line 89.
LaTeX Font Info:    Overwriting symbol font `symbols' in version `bold'
(Font)                  LS1/stixscr/m/n --> LS1/stixscr/b/n on input line 90.
LaTeX Font Info:    Overwriting symbol font `symbols2' in version `bold'
(Font)                  LS1/stixfrak/m/n --> LS1/stixfrak/b/n on input line 91.

LaTeX Font Info:    Overwriting symbol font `symbols3' in version `bold'
(Font)                  LS1/stixbb/m/n --> LS1/stixbb/b/n on input line 92.
LaTeX Font Info:    Overwriting symbol font `symbols4' in version `bold'
(Font)                  LS1/stixbb/m/it --> LS1/stixbb/b/it on input line 93.
LaTeX Font Info:    Overwriting symbol font `integrals' in version `bold'
(Font)                  LS2/stixcal/m/n --> LS2/stixcal/b/n on input line 94.
LaTeX Font Info:    Overwriting symbol font `largesymbols' in version `bold'
(Font)                  LS2/stixex/m/n --> LS2/stixex/b/n on input line 95.
LaTeX Font Info:    Overwriting symbol font `arrows1' in version `bold'
(Font)                  LS1/stixsf/m/n --> LS1/stixsf/b/n on input line 96.
LaTeX Font Info:    Overwriting symbol font `arrows2' in version `bold'
(Font)                  LS1/stixsf/m/it --> LS1/stixsf/b/it on input line 97.
LaTeX Font Info:    Overwriting symbol font `arrows3' in version `bold'
(Font)                  LS2/stixtt/m/n --> LS2/stixtt/b/n on input line 98.
LaTeX Font Info:    Redeclaring math alphabet \mathit on input line 99.
LaTeX Font Info:    Redeclaring math alphabet \mathsf on input line 106.
LaTeX Font Info:    Redeclaring math alphabet \mathtt on input line 108.
LaTeX Font Info:    Redeclaring math alphabet \mathbf on input line 109.
LaTeX Font Info:    Redeclaring math symbol \hbar on input line 227.
LaTeX Font Info:    Redeclaring math accent \grave on input line 698.
LaTeX Font Info:    Redeclaring math accent \acute on input line 699.
LaTeX Font Info:    Redeclaring math accent \hat on input line 700.
LaTeX Font Info:    Redeclaring math accent \tilde on input line 701.
LaTeX Font Info:    Redeclaring math accent \bar on input line 702.
LaTeX Font Info:    Redeclaring math accent \breve on input line 703.
LaTeX Font Info:    Redeclaring math accent \dot on input line 704.
LaTeX Font Info:    Redeclaring math accent \ddot on input line 705.
LaTeX Font Info:    Redeclaring math accent \mathring on input line 707.
LaTeX Font Info:    Redeclaring math accent \check on input line 708.
LaTeX Font Info:    Redeclaring math accent \vec on input line 716.
LaTeX Font Info:    Redeclaring math accent \widehat on input line 728.
LaTeX Font Info:    Redeclaring math accent \widetilde on input line 729.
LaTeX Info: Redefining \vdots on input line 1518.
LaTeX Info: Redefining \cdots on input line 1522.
LaTeX Font Info:    Redeclaring math symbol \mathsterling on input line 1978.
LaTeX Info: Redefining \not on input line 2144.
) (/usr/local/texlive/2024/texmf-dist/tex/latex/base/fontenc.sty
Package: fontenc 2021/04/29 v2.0v Standard LaTeX package
LaTeX Font Info:    Trying to load font information for T1+stix on input line 1
12.
(/usr/local/texlive/2024/texmf-dist/tex/latex/stix/t1stix.fd
File: t1stix.fd 2015/04/17 v1.1.2-latex STIX T1 font definitions
))
\trimwidth=\skip69
\trimheight=\skip70
\typewidth=\skip71
\typeheight=\skip72
\normaltextheight=\skip73
\blindfoliodrop=\skip74
\figheight=\skip75
\figwidth=\skip76
\tabledim=\skip77
\columnhsizevalue=\dimen290
\abs@coli@hsize=\skip78
\abs@colii@hsize=\skip79
(/usr/local/texlive/2024/texmf-dist/tex/latex/geometry/geometry.sty
Package: geometry 2020/01/02 v5.9 Page Geometry
(/usr/local/texlive/2024/texmf-dist/tex/generic/iftex/ifvtex.sty
Package: ifvtex 2019/10/25 v1.7 ifvtex legacy package. Use iftex instead.
)
\Gm@cnth=\count320
\Gm@cntv=\count321
\c@Gm@tempcnt=\count322
\Gm@bindingoffset=\dimen291
\Gm@wd@mp=\dimen292
\Gm@odd@mp=\dimen293
\Gm@even@mp=\dimen294
\Gm@layoutwidth=\dimen295
\Gm@layoutheight=\dimen296
\Gm@layouthoffset=\dimen297
\Gm@layoutvoffset=\dimen298
\Gm@dimlist=\toks36
)
\parindentvalue=\dimen299
\pageheight=\dimen300
\rulecount=\count323
\leftcolrulepos=\dimen301
\rightcolrulepos=\dimen302
(/usr/local/texlive/2024/texmf-dist/tex/latex/eso-pic/showframe.sty
Package: showframe 2020/10/14 v0.1j showframe (new impl., RN)
(/usr/local/texlive/2024/texmf-dist/tex/latex/eso-pic/eso-pic.sty
Package: eso-pic 2023/05/03 v3.0c eso-pic (RN)
\ESO@tempdima=\dimen303
\ESO@tempdimb=\dimen304
)
\SF@tempdima=\dimen305
)
\artopleftskipdim=\dimen306
\@xmlpage=\write3
\c@spagecounter=\count324
\c@lpagecounter=\count325
LaTeX Info: Redefining \rm on input line 1300.
LaTeX Info: Redefining \sf on input line 1301.
LaTeX Info: Redefining \tt on input line 1302.
LaTeX Info: Redefining \bf on input line 1303.
LaTeX Info: Redefining \it on input line 1304.
LaTeX Info: Redefining \sl on input line 1305.
LaTeX Info: Redefining \sc on input line 1306.
LaTeX Info: Redefining \cal on input line 1307.
LaTeX Info: Redefining \mit on input line 1308.
\aucount=\count326
\corrauthcount=\count327
\authfncnt=\count328
\authfnTmpCnt=\count329
\aufootnotemark=\box115
\authmarkbox=\box116
\c@affn=\count330
\addcount=\count331
\emailcount=\count332
\punctcount=\count333
\foot@titlepage@raise@skip=\skip80
\lastauthorcnt=\count334
\fundinginfocount=\count335
\commafundinginfocount=\count336
\fundinginfotempcount=\count337
\tempfundinginfocount=\count338
\JELinfocount=\count339
\commaJELinfocount=\count340
\JELinfotempcount=\count341
\tempJELinfocount=\count342
\htftbox=\box117
\ovsize=\dimen307
\oovsize=\dimen308
\FreePageSpace=\dimen309
\FreePageSpaceTest=\dimen310
\fadjskip=\skip81
\adjustskip=\skip82
\titleskip=\skip83
\abs@boxa=\box118
\abs@boxb=\box119
\abs@boxc=\box120
\abs@dima=\dimen311
\abs@dimb=\dimen312
\abs@dimc=\dimen313
\adjtitleskip=\skip84
\c@chapter=\count343
\secruleskip=\skip85
\rhverticalsep=\skip86
(./NJDnatbib.sty
Package: NJDnatbib 2010/09/13 8.31b (PWD, AO)
\bibhang=\skip87
\bibsep=\skip88
LaTeX Info: Redefining \cite on input line 700.
\c@NAT@ctr=\count344
)
\c@scheme=\count345
(/usr/local/texlive/2024/texmf-dist/tex/latex/booktabs/booktabs.sty
Package: booktabs 2020/01/12 v1.61803398 Publication quality tables
\heavyrulewidth=\dimen314
\lightrulewidth=\dimen315
\cmidrulewidth=\dimen316
\belowrulesep=\dimen317
\belowbottomsep=\dimen318
\aboverulesep=\dimen319
\abovetopsep=\dimen320
\cmidrulesep=\dimen321
\cmidrulekern=\dimen322
\defaultaddspace=\dimen323
\@cmidla=\count346
\@cmidlb=\count347
\@aboverulesep=\dimen324
\@belowrulesep=\dimen325
\@thisruleclass=\count348
\@lastruleclass=\count349
\@thisrulewidth=\dimen326
) (/usr/local/texlive/2024/texmf-dist/tex/latex/amsmath/amsmath.sty
Package: amsmath 2023/05/13 v2.17o AMS math features
\@mathmargin=\skip89
For additional information on amsmath, use the `?' option.
(/usr/local/texlive/2024/texmf-dist/tex/latex/amsmath/amstext.sty
Package: amstext 2021/08/26 v2.01 AMS text
(/usr/local/texlive/2024/texmf-dist/tex/latex/amsmath/amsgen.sty
File: amsgen.sty 1999/11/30 v2.0 generic functions
\@emptytoks=\toks37
\ex@=\dimen327
)) (/usr/local/texlive/2024/texmf-dist/tex/latex/amsmath/amsbsy.sty
Package: amsbsy 1999/11/29 v1.2d Bold Symbols
\pmbraise@=\dimen328
) (/usr/local/texlive/2024/texmf-dist/tex/latex/amsmath/amsopn.sty
Package: amsopn 2022/04/08 v2.04 operator names
)
\inf@bad=\count350
LaTeX Info: Redefining \frac on input line 234.
\uproot@=\count351
\leftroot@=\count352
LaTeX Info: Redefining \overline on input line 399.
LaTeX Info: Redefining \colon on input line 410.
\classnum@=\count353
\DOTSCASE@=\count354
LaTeX Info: Redefining \ldots on input line 496.
LaTeX Info: Redefining \dots on input line 499.
\Mathstrutbox@=\box121
\strutbox@=\box122
LaTeX Info: Redefining \big on input line 722.
LaTeX Info: Redefining \Big on input line 723.
LaTeX Info: Redefining \bigg on input line 724.
LaTeX Info: Redefining \Bigg on input line 725.
\big@size=\dimen329
LaTeX Font Info:    Redeclaring font encoding OML on input line 743.
LaTeX Font Info:    Redeclaring font encoding OMS on input line 744.
\macc@depth=\count355
LaTeX Info: Redefining \bmod on input line 905.
LaTeX Info: Redefining \pmod on input line 910.
LaTeX Info: Redefining \smash on input line 940.
\c@MaxMatrixCols=\count356
\dotsspace@=\muskip17
\c@parentequation=\count357
\dspbrk@lvl=\count358
\tag@help=\toks38
\row@=\count359
\column@=\count360
\maxfields@=\count361
\andhelp@=\toks39
\eqnshift@=\dimen330
\alignsep@=\dimen331
\tagshift@=\dimen332
\tagwidth@=\dimen333
\totwidth@=\dimen334
\lineht@=\dimen335
\@envbody=\toks40
\multlinegap=\skip90
\multlinetaggap=\skip91
\mathdisplay@stack=\toks41
LaTeX Info: Redefining \[ on input line 2953.
LaTeX Info: Redefining \] on input line 2954.
) (/usr/local/texlive/2024/texmf-dist/tex/latex/amscls/amsthm.sty
Package: amsthm 2020/05/29 v2.20.6
\thm@style=\toks42
\thm@bodyfont=\toks43
\thm@headfont=\toks44
\thm@notefont=\toks45
\thm@headpunct=\toks46
\thm@preskip=\skip92
\thm@postskip=\skip93
\thm@headsep=\skip94
\dth@everypar=\toks47
)
\c@theorem=\count362
\c@construction=\count363
\c@estimate=\count364
\c@lemma=\count365
\c@corollary=\count366
\c@result=\count367
\c@algth=\count368
\c@proposition=\count369
\c@hypothesis=\count370
\c@experiment=\count371
\c@LWrule=\count372
\c@procedure=\count373
\c@assertion=\count374
\c@axiom=\count375
\c@conjecture=\count376
\c@criterion=\count377
\c@reduction=\count378
\c@sublemma=\count379
\c@case=\count380
\c@remark=\count381
\c@notation=\count382
\c@answer=\count383
\c@base=\count384
\c@claim=\count385
\c@ccomment=\count386
\c@subproof=\count387
\c@conclusion=\count388
\c@observation=\count389
\c@subcase=\count390
\c@step=\count391
\c@summary=\count392
\c@definition=\count393
\c@condition=\count394
\c@property=\count395
\c@problem=\count396
\c@fact=\count397
\c@assumption=\count398
\c@eexample=\count399
\c@model=\count400
\c@affirmation=\count401
\c@application=\count402
\c@convention=\count403
\c@discussion=\count404
\c@exercise=\count405
\c@question=\count406
\c@scholium=\count407
\c@terminology=\count408
\c@printcitcnt=\count409
\c@@pps=\count410
\c@@ppsavesec=\count411
\c@@ppsaveapp=\count412
(/usr/local/texlive/2024/texmf-dist/tex/latex/algorithms/algorithm.sty
Package: algorithm 2009/08/24 v0.1 Document Style `algorithm' - floating enviro
nment
\@float@every@algorithm=\toks48
\c@algorithm=\count413
) (/usr/local/texlive/2024/texmf-dist/tex/latex/algorithmicx/algorithmicx.sty
Package: algorithmicx 2005/04/27 v1.2 Algorithmicx
Document Style algorithmicx 1.2 - a greatly improved `algorithmic' style
\c@ALG@line=\count414
\c@ALG@rem=\count415
\c@ALG@nested=\count416
\ALG@tlm=\skip95
\ALG@thistlm=\skip96
\c@ALG@Lnr=\count417
\c@ALG@blocknr=\count418
\c@ALG@storecount=\count419
\c@ALG@tmpcounter=\count420
\ALG@tmplength=\skip97
) (/usr/local/texlive/2024/texmf-dist/tex/latex/algorithmicx/algpseudocode.sty
Package: algpseudocode 
Document Style - pseudocode environments for use with the `algorithmicx' style
) (/usr/local/texlive/2024/texmf-dist/tex/latex/listings/listings.sty
\lst@mode=\count421
\lst@gtempboxa=\box123
\lst@token=\toks49
\lst@length=\count422
\lst@currlwidth=\dimen336
\lst@column=\count423
\lst@pos=\count424
\lst@lostspace=\dimen337
\lst@width=\dimen338
\lst@newlines=\count425
\lst@lineno=\count426
\lst@maxwidth=\dimen339
(/usr/local/texlive/2024/texmf-dist/tex/latex/listings/lstpatch.sty
File: lstpatch.sty 2024/02/21 1.10 (Carsten Heinz)
) (/usr/local/texlive/2024/texmf-dist/tex/latex/listings/lstmisc.sty
File: lstmisc.sty 2024/02/21 1.10 (Carsten Heinz)
\c@lstnumber=\count427
\lst@skipnumbers=\count428
\lst@framebox=\box124
) (/usr/local/texlive/2024/texmf-dist/tex/latex/listings/listings.cfg
File: listings.cfg 2024/02/21 1.10 listings configuration
))
Package: listings 2024/02/21 1.10 (Carsten Heinz)
(/usr/local/texlive/2024/texmf-dist/tex/latex/base/alltt.sty
Package: alltt 2021/01/29 v2.0g defines alltt environment
)
\jnlcitationbox=\box125
\jnlcithsize=\dimen340
(/usr/local/texlive/2024/texmf-dist/tex/latex/wrapfig/wrapfig.sty
\wrapoverhang=\dimen341
\WF@size=\dimen342
\c@WF@wrappedlines=\count429
\WF@box=\box126
\WF@everypar=\toks50
Package: wrapfig 2003/01/31  v 3.6
)
\wraplines=\count430
\@authorfigbox=\box127
\@authorfigboxdim=\skip98
\biofigadjskip=\skip99
) (/usr/local/texlive/2024/texmf-dist/tex/latex/ieeetran/IEEEtrantools.sty
Package: IEEEtrantools 2015/08/26 V1.5 by Michael Shell
-- See the "IEEEtrantools_doc.txt" manual for usage information.
-- http://www.michaelshell.org/tex/ieeetran/tools/
\@IEEEtrantmpdimenA=\dimen343
\@IEEEtrantmpdimenB=\dimen344
\@IEEEtrantmpdimenC=\dimen345
\@IEEEtrantmpcountA=\count431
\@IEEEtrantmpcountB=\count432
\@IEEEtrantmpcountC=\count433
\@IEEEtrantmptoksA=\toks51
\IEEEnormaljot=\dimen346
\IEEEquantizedlength=\dimen347
\IEEEquantizedlengthdiff=\dimen348
\IEEEquantizedtextheightdiff=\dimen349
\IEEEilabelindentA=\dimen350
\IEEEilabelindentB=\dimen351
\IEEEilabelindent=\dimen352
\IEEEelabelindent=\dimen353
\IEEEdlabelindent=\dimen354
\IEEElabelindent=\dimen355
\IEEEiednormlabelsep=\dimen356
\IEEEiedmathlabelsep=\dimen357
\IEEEiedtopsep=\skip100
\c@IEEEsubequation=\count434
\@IEEEeqnnumcols=\count435
\@IEEEeqncolcnt=\count436
\@IEEEsubeqnnumrollback=\count437
\IEEEPARstartletwidth=\dimen358
) (/usr/local/texlive/2024/texmf-dist/tex/latex/tools/bm.sty
Package: bm 2023/07/08 v1.2f Bold Symbol Support (DPC/FMi)
\symboldoperators=\mathgroup12
\symboldletters=\mathgroup13
\symboldsymbols=\mathgroup14
Package bm Info: No bold for \LS1/stix/b/n, using \pmb.
LaTeX Info: Redefining \bm on input line 219.
) (/usr/local/texlive/2024/texmf-dist/tex/latex/psnfss/pifont.sty
Package: pifont 2020/03/25 PSNFSS-v9.3 Pi font support (SPQR) 
LaTeX Font Info:    Trying to load font information for U+pzd on input line 63.

(/usr/local/texlive/2024/texmf-dist/tex/latex/psnfss/upzd.fd
File: upzd.fd 2001/06/04 font definitions for U/pzd.
)
LaTeX Font Info:    Trying to load font information for U+psy on input line 64.

(/usr/local/texlive/2024/texmf-dist/tex/latex/psnfss/upsy.fd
File: upsy.fd 2001/06/04 font definitions for U/psy.
)) (/usr/local/texlive/2024/texmf-dist/tex/latex/makecell/makecell.sty
Package: makecell 2009/08/03 V0.1e Managing of Tab Column Heads and Cells
\rotheadsize=\dimen359
\c@nlinenum=\count438
\TeXr@lab=\toks52
) (/usr/local/texlive/2024/texmf-dist/tex/latex/caption/subcaption.sty
Package: subcaption 2023/07/28 v1.6b Sub-captions (AR)
Package caption Info: New subtype `subfigure' on input line 238.
\c@subfigure=\count439
Package caption Info: New subtype `subtable' on input line 238.
\c@subtable=\count440
) (/usr/local/texlive/2024/texmf-dist/tex/latex/l3backend/l3backend-pdftex.def
File: l3backend-pdftex.def 2024-02-20 L3 backend support: PDF output (pdfTeX)
\l__color_backend_stack_int=\count441
\l__pdf_internal_box=\box128
)

LaTeX Warning: Unused global option(s):
    [AMA,STIX1COL].

(./manuscript.aux)
\openout1 = `manuscript.aux'.

LaTeX Font Info:    Checking defaults for OML/cmm/m/it on input line 28.
LaTeX Font Info:    ... okay on input line 28.
LaTeX Font Info:    Checking defaults for OMS/cmsy/m/n on input line 28.
LaTeX Font Info:    ... okay on input line 28.
LaTeX Font Info:    Checking defaults for OT1/cmr/m/n on input line 28.
LaTeX Font Info:    ... okay on input line 28.
LaTeX Font Info:    Checking defaults for T1/cmr/m/n on input line 28.
LaTeX Font Info:    ... okay on input line 28.
LaTeX Font Info:    Checking defaults for TS1/cmr/m/n on input line 28.
LaTeX Font Info:    ... okay on input line 28.
LaTeX Font Info:    Checking defaults for OMX/cmex/m/n on input line 28.
LaTeX Font Info:    ... okay on input line 28.
LaTeX Font Info:    Checking defaults for U/cmr/m/n on input line 28.
LaTeX Font Info:    ... okay on input line 28.
LaTeX Font Info:    Checking defaults for PD1/pdf/m/n on input line 28.
LaTeX Font Info:    ... okay on input line 28.
LaTeX Font Info:    Checking defaults for PU/pdf/m/n on input line 28.
LaTeX Font Info:    ... okay on input line 28.
LaTeX Font Info:    Checking defaults for LS1/stix/m/n on input line 28.
LaTeX Font Info:    Trying to load font information for LS1+stix on input line 
28.
(/usr/local/texlive/2024/texmf-dist/tex/latex/stix/ls1stix.fd
File: ls1stix.fd 2015/04/17 v1.1.2-latex STIX LS1 font definitions
)
LaTeX Font Info:    ... okay on input line 28.
LaTeX Font Info:    Checking defaults for LS2/stix/m/n on input line 28.
LaTeX Font Info:    Trying to load font information for LS2+stix on input line 
28.
(/usr/local/texlive/2024/texmf-dist/tex/latex/stix/ls2stix.fd
File: ls2stix.fd 2015/04/17 v1.1.2-latex STIX LS2 font definitions
)
LaTeX Font Info:    ... okay on input line 28.
(/usr/local/texlive/2024/texmf-dist/tex/context/base/mkii/supp-pdf.mkii
[Loading MPS to PDF converter (version 2006.09.02).]
\scratchcounter=\count442
\scratchdimen=\dimen360
\scratchbox=\box129
\nofMPsegments=\count443
\nofMParguments=\count444
\everyMPshowfont=\toks53
\MPscratchCnt=\count445
\MPscratchDim=\dimen361
\MPnumerator=\count446
\makeMPintoPDFobject=\count447
\everyMPtoPDFconversion=\toks54
) (/usr/local/texlive/2024/texmf-dist/tex/latex/epstopdf-pkg/epstopdf-base.sty
Package: epstopdf-base 2020-01-24 v2.11 Base part for package epstopdf
Package epstopdf-base Info: Redefining graphics rule for `.eps' on input line 4
85.
(/usr/local/texlive/2024/texmf-dist/tex/latex/latexconfig/epstopdf-sys.cfg
File: epstopdf-sys.cfg 2010/07/13 v1.3 Configuration of (r)epstopdf for TeX Liv
e
))
Package caption Info: Begin \AtBeginDocument code.
Package caption Info: hyperref package is loaded.
Package caption Info: listings package is loaded.
Package caption Info: wrapfig package is loaded.
Package caption Info: End \AtBeginDocument code.
Package hyperref Info: Link coloring OFF on input line 28.
*geometry* driver: auto-detecting
*geometry* detected driver: pdftex
*geometry* verbose mode - [ preamble ] result:
* driver: pdftex
* paper: custom
* layout: <same size as paper>
* layoutoffset:(h,v)=(0.0pt,0.0pt)
* hratio: 1:1
* vratio: 1:1
* modes: twoside 
* h-part:(L,W,R)=(45.0pt, 507.50787pt, 45.0pt)
* v-part:(T,H,B)=(57.5pt, 668.79605pt, 59.0pt)
* \paperwidth=597.50787pt
* \paperheight=785.29605pt
* \textwidth=507.50787pt
* \textheight=668.79605pt
* \oddsidemargin=-27.26999pt
* \evensidemargin=-27.26999pt
* \topmargin=-46.76999pt
* \headheight=21.0pt
* \headsep=11.0pt
* \topskip=6.0pt
* \footskip=48.5pt
* \marginparwidth=0.0pt
* \marginparsep=0.0pt
* \columnsep=0.0pt
* \skip\footins=18.0pt plus 2.0pt minus 2.0pt
* \hoffset=0.0pt
* \voffset=0.0pt
* \mag=1000
* \@twocolumnfalse
* \@twosidetrue
* \@mparswitchtrue
* \@reversemarginfalse
* (1in=72.27pt=25.4mm, 1cm=28.453pt)

LaTeX Info: Command `\dddot' is already robust on input line 28.
LaTeX Info: Command `\ddddot' is already robust on input line 28.
\c@lstlisting=\count448
LaTeX Font Info:    Trying to load font information for LS1+stixscr on input li
ne 74.
(/usr/local/texlive/2024/texmf-dist/tex/latex/stix/ls1stixscr.fd
File: ls1stixscr.fd 2015/04/17 v1.1.2-latex STIX script LS1 font definitions
)
LaTeX Font Info:    Trying to load font information for LS2+stixex on input lin
e 74.
(/usr/local/texlive/2024/texmf-dist/tex/latex/stix/ls2stixex.fd
File: ls2stixex.fd 2015/04/17 v1.1.2-latex STIX extentions LS2 font definitions

)
LaTeX Font Info:    Trying to load font information for LS1+stixfrak on input l
ine 74.
(/usr/local/texlive/2024/texmf-dist/tex/latex/stix/ls1stixfrak.fd
File: ls1stixfrak.fd 2015/04/17 v1.1.2-latex STIX fraktur LS1 font definitions
)
LaTeX Font Info:    Trying to load font information for LS1+stixbb on input lin
e 74.
(/usr/local/texlive/2024/texmf-dist/tex/latex/stix/ls1stixbb.fd
File: ls1stixbb.fd 2015/04/17 v1.1.2-latex STIX blackboard LS1 font definitions

)
LaTeX Font Info:    Trying to load font information for LS2+stixcal on input li
ne 74.
(/usr/local/texlive/2024/texmf-dist/tex/latex/stix/ls2stixcal.fd
File: ls2stixcal.fd 2015/04/17 v1.1.2-latex STIX calligraphic LS2 font definiti
ons
)
LaTeX Font Info:    Trying to load font information for LS1+stixsf on input lin
e 74.
(/usr/local/texlive/2024/texmf-dist/tex/latex/stix/ls1stixsf.fd
File: ls1stixsf.fd 2015/04/17 v1.1.2-latex STIX sans-serif LS1 font definitions

)
LaTeX Font Info:    Trying to load font information for LS2+stixtt on input lin
e 74.
(/usr/local/texlive/2024/texmf-dist/tex/latex/stix/ls2stixtt.fd
File: ls2stixtt.fd 2015/04/17 v1.1.2-latex STIX typewriter LS2 font definitions

)
Overfull \hbox (346.99213pt too wide) in paragraph at lines 74--74
[][] | || []|[][] 
 []

LaTeX Font Info:    Calculating math sizes for size <10.03749> on input line 74
.

Overfull \vbox (6.46347pt too high) has occurred while \output is active []

[1{/usr/local/texlive/2024/texmf-var/fonts/map/pdftex/updmap/pdftex.map}{/usr/l
ocal/texlive/2024/texmf-dist/fonts/enc/dvips/stix/stix-t1.enc}

\openout3 = `manuscript.pag'.

]
LaTeX Font Info:    Calculating math sizes for size <7.0262> on input line 82.
LaTeX Font Info:    Calculating math sizes for size <7.5> on input line 82.
LaTeX Font Info:    Calculating math sizes for size <5.24997> on input line 82.

[2] [3]
LaTeX Font Info:    Trying to load font information for TS1+stix on input line 
122.
(/usr/local/texlive/2024/texmf-dist/tex/latex/stix/ts1stix.fd
File: ts1stix.fd 2015/04/17 v1.1.2-latex STIX TS1 font definitions
) [4{/usr/local/texlive/2024/texmf-dist/fonts/enc/dvips/stix/stix-ts1.enc}] [5]

Overfull \hbox (10.12456pt too wide) in alignment at lines 231--235
 [] [] [] [][]
 []

[6] [7]
LaTeX Font Info:    Trying to load font information for T1+cmss on input line 3
11.
(/usr/local/texlive/2024/texmf-dist/tex/latex/base/t1cmss.fd
File: t1cmss.fd 2023/04/13 v2.5m Standard LaTeX font definitions
)
<figures/ggplot_mu_sd_inter_0_5_Prior.pdf, id=194, 505.89pt x 505.89pt>
File: figures/ggplot_mu_sd_inter_0_5_Prior.pdf Graphic file (type pdf)
<use figures/ggplot_mu_sd_inter_0_5_Prior.pdf>
Package pdftex.def Info: figures/ggplot_mu_sd_inter_0_5_Prior.pdf  used on inpu
t line 312.
(pdftex.def)             Requested size: 240.0pt x 239.99919pt.

Overfull \hbox (11.62302pt too wide) in paragraph at lines 312--313
[][] 
 []

<figures/ggplot_mu_sd_inter_1_5_Prior.pdf, id=195, 505.89pt x 505.89pt>
File: figures/ggplot_mu_sd_inter_1_5_Prior.pdf Graphic file (type pdf)
<use figures/ggplot_mu_sd_inter_1_5_Prior.pdf>
Package pdftex.def Info: figures/ggplot_mu_sd_inter_1_5_Prior.pdf  used on inpu
t line 317.
(pdftex.def)             Requested size: 240.0pt x 239.99919pt.

Overfull \hbox (11.62302pt too wide) in paragraph at lines 317--318
[][] 
 []

<figures/ggplot_mu_sd_inter_0_5_Historical_data.pdf, id=196, 505.89pt x 505.89p
t>
File: figures/ggplot_mu_sd_inter_0_5_Historical_data.pdf Graphic file (type pdf
)
<use figures/ggplot_mu_sd_inter_0_5_Historical_data.pdf>
Package pdftex.def Info: figures/ggplot_mu_sd_inter_0_5_Historical_data.pdf  us
ed on input line 322.
(pdftex.def)             Requested size: 240.0pt x 239.99919pt.

Overfull \hbox (11.62302pt too wide) in paragraph at lines 322--323
[][] 
 []

<figures/ggplot_mu_sd_inter_1_5_Historical_data.pdf, id=197, 505.89pt x 505.89p
t>
File: figures/ggplot_mu_sd_inter_1_5_Historical_data.pdf Graphic file (type pdf
)
<use figures/ggplot_mu_sd_inter_1_5_Historical_data.pdf>
Package pdftex.def Info: figures/ggplot_mu_sd_inter_1_5_Historical_data.pdf  us
ed on input line 327.
(pdftex.def)             Requested size: 240.0pt x 239.99919pt.

Overfull \hbox (11.62302pt too wide) in paragraph at lines 327--328
[][] 
 []

<figures/ggplot_mu_sd_inter_0_5_Historical_data_+_0_5_DLTs_at_A=200_B=200.pdf, 
id=198, 505.89pt x 505.89pt>
File: figures/ggplot_mu_sd_inter_0_5_Historical_data_+_0_5_DLTs_at_A=200_B=200.
pdf Graphic file (type pdf)
<use figures/ggplot_mu_sd_inter_0_5_Historical_data_+_0_5_DLTs_at_A=200_B=200.p
df>
Package pdftex.def Info: figures/ggplot_mu_sd_inter_0_5_Historical_data_+_0_5_D
LTs_at_A=200_B=200.pdf  used on input line 342.
(pdftex.def)             Requested size: 240.0pt x 239.99919pt.

Overfull \hbox (11.62302pt too wide) in paragraph at lines 342--343
[][] 
 []

<figures/ggplot_mu_sd_inter_1_5_Historical_data_+_0_5_DLTs_at_A=200_B=200.pdf, 
id=199, 505.89pt x 505.89pt>
File: figures/ggplot_mu_sd_inter_1_5_Historical_data_+_0_5_DLTs_at_A=200_B=200.
pdf Graphic file (type pdf)
<use figures/ggplot_mu_sd_inter_1_5_Historical_data_+_0_5_DLTs_at_A=200_B=200.p
df>
Package pdftex.def Info: figures/ggplot_mu_sd_inter_1_5_Historical_data_+_0_5_D
LTs_at_A=200_B=200.pdf  used on input line 347.
(pdftex.def)             Requested size: 240.0pt x 239.99919pt.

Overfull \hbox (11.62302pt too wide) in paragraph at lines 347--348
[][] 
 []

<figures/ggplot_mu_sd_inter_0_5_Historical_data_+_5_5_DLTs_at_A=200_B=200.pdf, 
id=200, 505.89pt x 505.89pt>
File: figures/ggplot_mu_sd_inter_0_5_Historical_data_+_5_5_DLTs_at_A=200_B=200.
pdf Graphic file (type pdf)
<use figures/ggplot_mu_sd_inter_0_5_Historical_data_+_5_5_DLTs_at_A=200_B=200.p
df>
Package pdftex.def Info: figures/ggplot_mu_sd_inter_0_5_Historical_data_+_5_5_D
LTs_at_A=200_B=200.pdf  used on input line 360.
(pdftex.def)             Requested size: 240.0pt x 239.99919pt.

Overfull \hbox (11.62302pt too wide) in paragraph at lines 360--361
[][] 
 []

<figures/ggplot_mu_sd_inter_1_5_Historical_data_+_5_5_DLTs_at_A=200_B=200.pdf, 
id=201, 505.89pt x 505.89pt>
File: figures/ggplot_mu_sd_inter_1_5_Historical_data_+_5_5_DLTs_at_A=200_B=200.
pdf Graphic file (type pdf)
<use figures/ggplot_mu_sd_inter_1_5_Historical_data_+_5_5_DLTs_at_A=200_B=200.p
df>
Package pdftex.def Info: figures/ggplot_mu_sd_inter_1_5_Historical_data_+_5_5_D
LTs_at_A=200_B=200.pdf  used on input line 365.
(pdftex.def)             Requested size: 240.0pt x 239.99919pt.

Overfull \hbox (11.62302pt too wide) in paragraph at lines 365--366
[][] 
 []

<figures/ggplot_mu_sd_inter_0_5_Historical_data_+_5_5_DLTs_at_A=100_B=100.pdf, 
id=202, 505.89pt x 505.89pt>
File: figures/ggplot_mu_sd_inter_0_5_Historical_data_+_5_5_DLTs_at_A=100_B=100.
pdf Graphic file (type pdf)
<use figures/ggplot_mu_sd_inter_0_5_Historical_data_+_5_5_DLTs_at_A=100_B=100.p
df>
Package pdftex.def Info: figures/ggplot_mu_sd_inter_0_5_Historical_data_+_5_5_D
LTs_at_A=100_B=100.pdf  used on input line 370.
(pdftex.def)             Requested size: 240.0pt x 239.99919pt.

Overfull \hbox (11.62302pt too wide) in paragraph at lines 370--371
[][] 
 []

<figures/ggplot_mu_sd_inter_1_5_Historical_data_+_5_5_DLTs_at_A=100_B=100.pdf, 
id=203, 505.89pt x 505.89pt>
File: figures/ggplot_mu_sd_inter_1_5_Historical_data_+_5_5_DLTs_at_A=100_B=100.
pdf Graphic file (type pdf)
<use figures/ggplot_mu_sd_inter_1_5_Historical_data_+_5_5_DLTs_at_A=100_B=100.p
df>
Package pdftex.def Info: figures/ggplot_mu_sd_inter_1_5_Historical_data_+_5_5_D
LTs_at_A=100_B=100.pdf  used on input line 375.
(pdftex.def)             Requested size: 240.0pt x 239.99919pt.

Overfull \hbox (11.62302pt too wide) in paragraph at lines 375--376
[][] 
 []

[8]
Underfull \hbox (badness 10000) in paragraph at lines 409--411

 []


Overfull \hbox (13.0pt too wide) in paragraph at lines 416--416
[] [] 
 []

[9] (./manuscript.bbl [10]
Underfull \hbox (badness 10000) in paragraph at lines 154--158
[]\T1/stix/m/n/10.03749 Rowntree LG. Water intox-i-ca-tion. \T1/stix/m/it/10.03
749 Archives of Inter-nal Medicine \T1/stix/m/n/10.03749 1923; 32(2): 157.  []d
oi: 10.1001/arch-
 []

) [11] [12{/usr/local/texlive/2024/texmf-dist/fonts/enc/dvips/cm-super/cm-super
-t1.enc} <./figures/ggplot_mu_sd_inter_0_5_Prior.pdf> <./figures/ggplot_mu_sd_i
nter_1_5_Prior.pdf> <./figures/ggplot_mu_sd_inter_0_5_Historical_data.pdf> <./f
igures/ggplot_mu_sd_inter_1_5_Historical_data.pdf>] [13 <./figures/ggplot_mu_sd
_inter_0_5_Historical_data_+_0_5_DLTs_at_A=200_B=200.pdf> <./figures/ggplot_mu_
sd_inter_1_5_Historical_data_+_0_5_DLTs_at_A=200_B=200.pdf>] [14 <./figures/ggp
lot_mu_sd_inter_0_5_Historical_data_+_5_5_DLTs_at_A=200_B=200.pdf> <./figures/g
gplot_mu_sd_inter_1_5_Historical_data_+_5_5_DLTs_at_A=200_B=200.pdf> <./figures
/ggplot_mu_sd_inter_0_5_Historical_data_+_5_5_DLTs_at_A=100_B=100.pdf> <./figur
es/ggplot_mu_sd_inter_1_5_Historical_data_+_5_5_DLTs_at_A=100_B=100.pdf>] [15

]
Overfull \hbox (2.4567pt too wide) in alignment at lines 457--469
[] [] [] [] [] [] 
 []

[16

] [17

] (./manuscript.aux)
 ***********
LaTeX2e <2023-11-01> patch level 1
L3 programming layer <2024-02-20>
 ***********
 ) 
Here is how much of TeX's memory you used:
 21513 strings out of 474116
 329219 string characters out of 5743683
 1953187 words of memory out of 5000000
 43403 multiletter control sequences out of 15000+600000
 734800 words of font info for 283 fonts, out of 8000000 for 9000
 1167 hyphenation exceptions out of 8191
 90i,16n,93p,1793b,630s stack positions out of 10000i,1000n,20000p,200000b,200000s
</usr/local/texlive/2024/texmf-dist/fonts/type1/public/stix/STIXGeneral-Bold.
pfb></usr/local/texlive/2024/texmf-dist/fonts/type1/public/stix/STIXGeneral-Bol
dItalic.pfb></usr/local/texlive/2024/texmf-dist/fonts/type1/public/stix/STIXGen
eral-Italic.pfb></usr/local/texlive/2024/texmf-dist/fonts/type1/public/stix/STI
XGeneral-Regular.pfb></usr/local/texlive/2024/texmf-dist/fonts/type1/public/cm-
super/sfsx1000.pfb></usr/local/texlive/2024/texmf-dist/fonts/type1/public/stix/
stix-mathcal.pfb></usr/local/texlive/2024/texmf-dist/fonts/type1/public/stix/st
ix-mathex.pfb></usr/local/texlive/2024/texmf-dist/fonts/type1/public/stix/stix-
mathfrak.pfb></usr/local/texlive/2024/texmf-dist/fonts/type1/public/stix/stix-m
athit-bold.pfb></usr/local/texlive/2024/texmf-dist/fonts/type1/public/stix/stix
-mathit.pfb></usr/local/texlive/2024/texmf-dist/fonts/type1/public/stix/stix-ma
thrm-bold.pfb></usr/local/texlive/2024/texmf-dist/fonts/type1/public/stix/stix-
mathrm.pfb></usr/local/texlive/2024/texmf-dist/fonts/type1/public/stix/stix-mat
hscr.pfb></usr/local/texlive/2024/texmf-dist/fonts/type1/public/stix/stix-maths
f.pfb></usr/local/texlive/2024/texmf-dist/fonts/type1/public/stix/stix-mathtt.p
fb></usr/local/texlive/2024/texmf-dist/fonts/type1/urw/zapfding/uzdr.pfb>
Output written on manuscript.pdf (17 pages, 421266 bytes).
PDF statistics:
 703 PDF objects out of 1000 (max. 8388607)
 456 compressed objects within 5 object streams
 106 named destinations out of 1000 (max. 500000)
 195 words of extra memory for PDF output out of 10000 (max. 10000000)

